2025-03-05 22:52:54,641 [34m[INFO ][0;39m [Test worker] [35m[n.happytodo.core.jasypt.JasyptTest][0;39m: Starting JasyptTest using Java 17.0.12 with PID 92367 (started by kookyungmin in /Users/kookyungmin/mypets/HappyTodo/server)
2025-03-05 22:52:54,644 [39m[DEBUG][0;39m [Test worker] [35m[n.happytodo.core.jasypt.JasyptTest][0;39m: Running with Spring Boot v3.3.4, Spring v6.1.13
2025-03-05 22:52:54,645 [34m[INFO ][0;39m [Test worker] [35m[n.happytodo.core.jasypt.JasyptTest][0;39m: No active profile set, falling back to 1 default profile: "default"
2025-03-05 22:52:54,646 [39m[DEBUG][0;39m [Test worker] [35m[o.s.boot.SpringApplication][0;39m: Loading source class net.happytodo.core.jasypt.JasyptConfig
2025-03-05 22:52:54,694 [39m[DEBUG][0;39m [Test worker] [35m[o.s.w.c.s.GenericWebApplicationContext][0;39m: Refreshing org.springframework.web.context.support.GenericWebApplicationContext@2c6ee758
2025-03-05 22:52:54,723 [39m[DEBUG][0;39m [Test worker] [35m[o.s.b.f.s.DefaultListableBeanFactory][0;39m: Creating shared instance of singleton bean 'org.springframework.context.annotation.internalConfigurationAnnotationProcessor'
2025-03-05 22:52:54,743 [39m[DEBUG][0;39m [Test worker] [35m[o.s.b.f.s.DefaultListableBeanFactory][0;39m: Creating shared instance of singleton bean 'org.springframework.boot.autoconfigure.internalCachingMetadataReaderFactory'
2025-03-05 22:52:54,878 [39m[DEBUG][0;39m [Test worker] [35m[o.s.b.f.s.DefaultListableBeanFactory][0;39m: Creating shared instance of singleton bean 'org.springframework.boot.test.mock.mockito.MockitoPostProcessor'
2025-03-05 22:52:54,889 [39m[DEBUG][0;39m [Test worker] [35m[o.s.b.f.s.DefaultListableBeanFactory][0;39m: Creating shared instance of singleton bean 'org.springframework.context.event.internalEventListenerProcessor'
2025-03-05 22:52:54,892 [39m[DEBUG][0;39m [Test worker] [35m[o.s.b.f.s.DefaultListableBeanFactory][0;39m: Creating shared instance of singleton bean 'org.springframework.context.event.internalEventListenerFactory'
2025-03-05 22:52:54,894 [39m[DEBUG][0;39m [Test worker] [35m[o.s.b.f.s.DefaultListableBeanFactory][0;39m: Creating shared instance of singleton bean 'org.springframework.boot.test.mock.mockito.MockitoPostProcessor$SpyPostProcessor'
2025-03-05 22:52:54,896 [39m[DEBUG][0;39m [Test worker] [35m[o.s.b.f.s.DefaultListableBeanFactory][0;39m: Creating shared instance of singleton bean 'org.springframework.context.annotation.internalAutowiredAnnotationProcessor'
2025-03-05 22:52:54,899 [39m[DEBUG][0;39m [Test worker] [35m[o.s.b.f.s.DefaultListableBeanFactory][0;39m: Creating shared instance of singleton bean 'org.springframework.context.annotation.internalCommonAnnotationProcessor'
2025-03-05 22:52:54,907 [39m[DEBUG][0;39m [Test worker] [35m[o.s.u.c.s.UiApplicationContextUtils][0;39m: Unable to locate ThemeSource with name 'themeSource': using default [org.springframework.ui.context.support.ResourceBundleThemeSource@7c251f90]
2025-03-05 22:52:54,909 [39m[DEBUG][0;39m [Test worker] [35m[o.s.b.f.s.DefaultListableBeanFactory][0;39m: Creating shared instance of singleton bean 'jasyptConfig'
2025-03-05 22:52:54,922 [39m[DEBUG][0;39m [Test worker] [35m[o.s.b.f.s.DefaultListableBeanFactory][0;39m: Creating shared instance of singleton bean 'jasyptStringEncryptor'
2025-03-05 22:52:54,949 [39m[DEBUG][0;39m [Test worker] [35m[o.s.c.s.DefaultLifecycleProcessor][0;39m: Starting beans in phase -2147483647
2025-03-05 22:52:54,950 [39m[DEBUG][0;39m [Test worker] [35m[o.s.c.s.DefaultLifecycleProcessor][0;39m: Successfully started bean 'springBootLoggingLifecycle'
2025-03-05 22:52:54,961 [34m[INFO ][0;39m [Test worker] [35m[n.happytodo.core.jasypt.JasyptTest][0;39m: Started JasyptTest in 0.734 seconds (process running for 1.965)
2025-03-05 22:52:54,969 [39m[DEBUG][0;39m [Test worker] [35m[o.springframework.test.context.cache][0;39m: Spring test ApplicationContext cache statistics: [DefaultContextCache@76563d26 size = 1, maxSize = 32, parentContextCount = 0, hitCount = 0, missCount = 1, failureCount = 0]
2025-03-05 22:52:54,970 [39m[DEBUG][0;39m [Test worker] [35m[o.s.t.c.w.ServletTestExecutionListener][0;39m: Setting up MockHttpServletRequest, MockHttpServletResponse, ServletWebRequest, and RequestContextHolder for test class net.happytodo.core.jasypt.JasyptTest
2025-03-05 22:52:54,985 [39m[DEBUG][0;39m [Test worker] [35m[o.s.t.c.s.DependencyInjectionTestExecutionListener][0;39m: Performing dependency injection for test class net.happytodo.core.jasypt.JasyptTest
2025-03-05 22:52:54,985 [39m[DEBUG][0;39m [Test worker] [35m[o.springframework.test.context.cache][0;39m: Spring test ApplicationContext cache statistics: [DefaultContextCache@76563d26 size = 1, maxSize = 32, parentContextCount = 0, hitCount = 1, missCount = 1, failureCount = 0]
2025-03-05 22:52:54,988 [39m[DEBUG][0;39m [Test worker] [35m[o.springframework.test.context.cache][0;39m: Spring test ApplicationContext cache statistics: [DefaultContextCache@76563d26 size = 1, maxSize = 32, parentContextCount = 0, hitCount = 2, missCount = 1, failureCount = 0]
2025-03-05 22:52:54,994 [39m[DEBUG][0;39m [Test worker] [35m[o.s.t.c.s.DirtiesContextBeforeModesTestExecutionListener][0;39m: Before test method: class [JasyptTest], method [jasyptTest], class annotated with @DirtiesContext [false] with mode [null], method annotated with @DirtiesContext [false] with mode [null]
2025-03-05 22:52:54,998 [39m[DEBUG][0;39m [Test worker] [35m[o.springframework.test.context.cache][0;39m: Spring test ApplicationContext cache statistics: [DefaultContextCache@76563d26 size = 1, maxSize = 32, parentContextCount = 0, hitCount = 3, missCount = 1, failureCount = 0]
2025-03-05 22:52:54,999 [39m[DEBUG][0;39m [Test worker] [35m[o.springframework.test.context.cache][0;39m: Spring test ApplicationContext cache statistics: [DefaultContextCache@76563d26 size = 1, maxSize = 32, parentContextCount = 0, hitCount = 4, missCount = 1, failureCount = 0]
2025-03-05 22:52:55,828 [39m[DEBUG][0;39m [Test worker] [35m[o.springframework.test.context.cache][0;39m: Spring test ApplicationContext cache statistics: [DefaultContextCache@76563d26 size = 1, maxSize = 32, parentContextCount = 0, hitCount = 5, missCount = 1, failureCount = 0]
2025-03-05 22:52:55,873 [34m[INFO ][0;39m [Test worker] [35m[n.happytodo.core.jasypt.JasyptTest][0;39m: key: driverNm
2025-03-05 22:52:55,873 [34m[INFO ][0;39m [Test worker] [35m[n.happytodo.core.jasypt.JasyptTest][0;39m: encryptText: V7cUnaE1Z0Qo/VBQETxgtUU5NA7BBKsaxyhtP03QGBDHFCFN3Bn8hcl8d6u3MG3al6S6sKdkr8s=
2025-03-05 22:52:55,873 [34m[INFO ][0;39m [Test worker] [35m[n.happytodo.core.jasypt.JasyptTest][0;39m: decryptText: c64c479279beec1bfdd762545354dc3d
2025-03-05 22:52:55,878 [34m[INFO ][0;39m [Test worker] [35m[n.happytodo.core.jasypt.JasyptTest][0;39m: key: userNm
2025-03-05 22:52:55,879 [34m[INFO ][0;39m [Test worker] [35m[n.happytodo.core.jasypt.JasyptTest][0;39m: encryptText: 3IVrvXJlNKpMNF4T7OeHdZEkLcFLEs5XMHGAcDkvo5Y=
2025-03-05 22:52:55,879 [34m[INFO ][0;39m [Test worker] [35m[n.happytodo.core.jasypt.JasyptTest][0;39m: decryptText: happytodo
2025-03-05 22:52:55,881 [34m[INFO ][0;39m [Test worker] [35m[n.happytodo.core.jasypt.JasyptTest][0;39m: key: jdbcUrl
2025-03-05 22:52:55,881 [34m[INFO ][0;39m [Test worker] [35m[n.happytodo.core.jasypt.JasyptTest][0;39m: encryptText: A6ZRDn5+sO+pACcWbuUNmsB9exdlXT7mvdPuLUJgI79Fjt7B+YOao3Rgi3nmySrX00CDWcYUR6Y=
2025-03-05 22:52:55,882 [34m[INFO ][0;39m [Test worker] [35m[n.happytodo.core.jasypt.JasyptTest][0;39m: decryptText: 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
2025-03-05 22:52:55,884 [34m[INFO ][0;39m [Test worker] [35m[n.happytodo.core.jasypt.JasyptTest][0;39m: key: userPw
2025-03-05 22:52:55,884 [34m[INFO ][0;39m [Test worker] [35m[n.happytodo.core.jasypt.JasyptTest][0;39m: encryptText: QX89pbr6BUldJAaaAxmEDJTi+8SFGFGHqYas5LMApTU=
2025-03-05 22:52:55,884 [34m[INFO ][0;39m [Test worker] [35m[n.happytodo.core.jasypt.JasyptTest][0;39m: decryptText: Todo1234!
2025-03-05 22:52:55,886 [34m[INFO ][0;39m [Test worker] [35m[n.happytodo.core.jasypt.JasyptTest][0;39m: key: cryptoKey
2025-03-05 22:52:55,886 [34m[INFO ][0;39m [Test worker] [35m[n.happytodo.core.jasypt.JasyptTest][0;39m: encryptText: Ka8Tbb46XJo/a2NwQFYptJrG7AuwJwFdf16Fysv+Fys=
2025-03-05 22:52:55,886 [34m[INFO ][0;39m [Test worker] [35m[n.happytodo.core.jasypt.JasyptTest][0;39m: decryptText: flskdlqjstm
2025-03-05 22:52:55,889 [39m[DEBUG][0;39m [Test worker] [35m[o.springframework.test.context.cache][0;39m: Spring test ApplicationContext cache statistics: [DefaultContextCache@76563d26 size = 1, maxSize = 32, parentContextCount = 0, hitCount = 6, missCount = 1, failureCount = 0]
2025-03-05 22:52:55,890 [39m[DEBUG][0;39m [Test worker] [35m[o.springframework.test.context.cache][0;39m: Spring test ApplicationContext cache statistics: [DefaultContextCache@76563d26 size = 1, maxSize = 32, parentContextCount = 0, hitCount = 7, missCount = 1, failureCount = 0]
2025-03-05 22:52:55,891 [39m[DEBUG][0;39m [Test worker] [35m[o.springframework.test.context.cache][0;39m: Spring test ApplicationContext cache statistics: [DefaultContextCache@76563d26 size = 1, maxSize = 32, parentContextCount = 0, hitCount = 8, missCount = 1, failureCount = 0]
2025-03-05 22:52:55,891 [39m[DEBUG][0;39m [Test worker] [35m[o.springframework.test.context.cache][0;39m: Spring test ApplicationContext cache statistics: [DefaultContextCache@76563d26 size = 1, maxSize = 32, parentContextCount = 0, hitCount = 9, missCount = 1, failureCount = 0]
2025-03-05 22:52:55,894 [39m[DEBUG][0;39m [Test worker] [35m[o.springframework.test.context.cache][0;39m: Spring test ApplicationContext cache statistics: [DefaultContextCache@76563d26 size = 1, maxSize = 32, parentContextCount = 0, hitCount = 10, missCount = 1, failureCount = 0]
2025-03-05 22:52:55,896 [39m[DEBUG][0;39m [Test worker] [35m[o.springframework.test.context.cache][0;39m: Spring test ApplicationContext cache statistics: [DefaultContextCache@76563d26 size = 1, maxSize = 32, parentContextCount = 0, hitCount = 11, missCount = 1, failureCount = 0]
2025-03-05 22:52:55,896 [39m[DEBUG][0;39m [Test worker] [35m[o.s.t.c.s.DirtiesContextTestExecutionListener][0;39m: After test method: class [JasyptTest], method [jasyptTest], class annotated with @DirtiesContext [false] with mode [null], method annotated with @DirtiesContext [false] with mode [null]
2025-03-05 22:52:55,896 [39m[DEBUG][0;39m [Test worker] [35m[o.s.t.c.w.ServletTestExecutionListener][0;39m: Resetting RequestContextHolder for test class net.happytodo.core.jasypt.JasyptTest
2025-03-05 22:52:55,907 [39m[DEBUG][0;39m [Test worker] [35m[o.springframework.test.context.cache][0;39m: Spring test ApplicationContext cache statistics: [DefaultContextCache@76563d26 size = 1, maxSize = 32, parentContextCount = 0, hitCount = 12, missCount = 1, failureCount = 0]
2025-03-05 22:52:55,907 [39m[DEBUG][0;39m [Test worker] [35m[o.s.t.c.s.DirtiesContextTestExecutionListener][0;39m: After test class: class [JasyptTest], class annotated with @DirtiesContext [false] with mode [null]
2025-03-05 22:52:55,916 [39m[DEBUG][0;39m [SpringApplicationShutdownHook] [35m[o.s.w.c.s.GenericWebApplicationContext][0;39m: Closing org.springframework.web.context.support.GenericWebApplicationContext@2c6ee758, started on Wed Mar 05 22:52:54 KST 2025
2025-03-05 22:52:55,918 [39m[DEBUG][0;39m [SpringApplicationShutdownHook] [35m[o.s.c.s.DefaultLifecycleProcessor][0;39m: Stopping beans in phase -2147483647
2025-03-05 22:52:55,919 [39m[DEBUG][0;39m [SpringApplicationShutdownHook] [35m[o.s.c.s.DefaultLifecycleProcessor][0;39m: Bean 'springBootLoggingLifecycle' completed its stop procedure
2025-03-05 22:53:31,998 [34m[INFO ][0;39m [Test worker] [35m[n.happytodo.core.jasypt.JasyptTest][0;39m: Starting JasyptTest using Java 17.0.12 with PID 92441 (started by kookyungmin in /Users/kookyungmin/mypets/HappyTodo/server)
2025-03-05 22:53:32,000 [39m[DEBUG][0;39m [Test worker] [35m[n.happytodo.core.jasypt.JasyptTest][0;39m: Running with Spring Boot v3.3.4, Spring v6.1.13
2025-03-05 22:53:32,002 [34m[INFO ][0;39m [Test worker] [35m[n.happytodo.core.jasypt.JasyptTest][0;39m: No active profile set, falling back to 1 default profile: "default"
2025-03-05 22:53:32,003 [39m[DEBUG][0;39m [Test worker] [35m[o.s.boot.SpringApplication][0;39m: Loading source class net.happytodo.core.jasypt.JasyptConfig
2025-03-05 22:53:32,039 [39m[DEBUG][0;39m [Test worker] [35m[o.s.w.c.s.GenericWebApplicationContext][0;39m: Refreshing org.springframework.web.context.support.GenericWebApplicationContext@4b54af3d
2025-03-05 22:53:32,066 [39m[DEBUG][0;39m [Test worker] [35m[o.s.b.f.s.DefaultListableBeanFactory][0;39m: Creating shared instance of singleton bean 'org.springframework.context.annotation.internalConfigurationAnnotationProcessor'
2025-03-05 22:53:32,079 [39m[DEBUG][0;39m [Test worker] [35m[o.s.b.f.s.DefaultListableBeanFactory][0;39m: Creating shared instance of singleton bean 'org.springframework.boot.autoconfigure.internalCachingMetadataReaderFactory'
2025-03-05 22:53:32,188 [39m[DEBUG][0;39m [Test worker] [35m[o.s.b.f.s.DefaultListableBeanFactory][0;39m: Creating shared instance of singleton bean 'org.springframework.boot.test.mock.mockito.MockitoPostProcessor'
2025-03-05 22:53:32,199 [39m[DEBUG][0;39m [Test worker] [35m[o.s.b.f.s.DefaultListableBeanFactory][0;39m: Creating shared instance of singleton bean 'org.springframework.context.event.internalEventListenerProcessor'
2025-03-05 22:53:32,202 [39m[DEBUG][0;39m [Test worker] [35m[o.s.b.f.s.DefaultListableBeanFactory][0;39m: Creating shared instance of singleton bean 'org.springframework.context.event.internalEventListenerFactory'
2025-03-05 22:53:32,204 [39m[DEBUG][0;39m [Test worker] [35m[o.s.b.f.s.DefaultListableBeanFactory][0;39m: Creating shared instance of singleton bean 'org.springframework.boot.test.mock.mockito.MockitoPostProcessor$SpyPostProcessor'
2025-03-05 22:53:32,206 [39m[DEBUG][0;39m [Test worker] [35m[o.s.b.f.s.DefaultListableBeanFactory][0;39m: Creating shared instance of singleton bean 'org.springframework.context.annotation.internalAutowiredAnnotationProcessor'
2025-03-05 22:53:32,209 [39m[DEBUG][0;39m [Test worker] [35m[o.s.b.f.s.DefaultListableBeanFactory][0;39m: Creating shared instance of singleton bean 'org.springframework.context.annotation.internalCommonAnnotationProcessor'
2025-03-05 22:53:32,217 [39m[DEBUG][0;39m [Test worker] [35m[o.s.u.c.s.UiApplicationContextUtils][0;39m: Unable to locate ThemeSource with name 'themeSource': using default [org.springframework.ui.context.support.ResourceBundleThemeSource@5ba26eb0]
2025-03-05 22:53:32,219 [39m[DEBUG][0;39m [Test worker] [35m[o.s.b.f.s.DefaultListableBeanFactory][0;39m: Creating shared instance of singleton bean 'jasyptConfig'
2025-03-05 22:53:32,230 [39m[DEBUG][0;39m [Test worker] [35m[o.s.b.f.s.DefaultListableBeanFactory][0;39m: Creating shared instance of singleton bean 'jasyptStringEncryptor'
2025-03-05 22:53:32,252 [39m[DEBUG][0;39m [Test worker] [35m[o.s.c.s.DefaultLifecycleProcessor][0;39m: Starting beans in phase -2147483647
2025-03-05 22:53:32,253 [39m[DEBUG][0;39m [Test worker] [35m[o.s.c.s.DefaultLifecycleProcessor][0;39m: Successfully started bean 'springBootLoggingLifecycle'
2025-03-05 22:53:32,262 [34m[INFO ][0;39m [Test worker] [35m[n.happytodo.core.jasypt.JasyptTest][0;39m: Started JasyptTest in 0.662 seconds (process running for 1.665)
2025-03-05 22:53:32,267 [39m[DEBUG][0;39m [Test worker] [35m[o.springframework.test.context.cache][0;39m: Spring test ApplicationContext cache statistics: [DefaultContextCache@3d904e9c size = 1, maxSize = 32, parentContextCount = 0, hitCount = 0, missCount = 1, failureCount = 0]
2025-03-05 22:53:32,268 [39m[DEBUG][0;39m [Test worker] [35m[o.s.t.c.w.ServletTestExecutionListener][0;39m: Setting up MockHttpServletRequest, MockHttpServletResponse, ServletWebRequest, and RequestContextHolder for test class net.happytodo.core.jasypt.JasyptTest
2025-03-05 22:53:32,285 [39m[DEBUG][0;39m [Test worker] [35m[o.s.t.c.s.DependencyInjectionTestExecutionListener][0;39m: Performing dependency injection for test class net.happytodo.core.jasypt.JasyptTest
2025-03-05 22:53:32,286 [39m[DEBUG][0;39m [Test worker] [35m[o.springframework.test.context.cache][0;39m: Spring test ApplicationContext cache statistics: [DefaultContextCache@3d904e9c size = 1, maxSize = 32, parentContextCount = 0, hitCount = 1, missCount = 1, failureCount = 0]
2025-03-05 22:53:32,289 [39m[DEBUG][0;39m [Test worker] [35m[o.springframework.test.context.cache][0;39m: Spring test ApplicationContext cache statistics: [DefaultContextCache@3d904e9c size = 1, maxSize = 32, parentContextCount = 0, hitCount = 2, missCount = 1, failureCount = 0]
2025-03-05 22:53:32,294 [39m[DEBUG][0;39m [Test worker] [35m[o.s.t.c.s.DirtiesContextBeforeModesTestExecutionListener][0;39m: Before test method: class [JasyptTest], method [jasyptTest], class annotated with @DirtiesContext [false] with mode [null], method annotated with @DirtiesContext [false] with mode [null]
2025-03-05 22:53:32,297 [39m[DEBUG][0;39m [Test worker] [35m[o.springframework.test.context.cache][0;39m: Spring test ApplicationContext cache statistics: [DefaultContextCache@3d904e9c size = 1, maxSize = 32, parentContextCount = 0, hitCount = 3, missCount = 1, failureCount = 0]
2025-03-05 22:53:32,297 [39m[DEBUG][0;39m [Test worker] [35m[o.springframework.test.context.cache][0;39m: Spring test ApplicationContext cache statistics: [DefaultContextCache@3d904e9c size = 1, maxSize = 32, parentContextCount = 0, hitCount = 4, missCount = 1, failureCount = 0]
2025-03-05 22:53:32,941 [39m[DEBUG][0;39m [Test worker] [35m[o.springframework.test.context.cache][0;39m: Spring test ApplicationContext cache statistics: [DefaultContextCache@3d904e9c size = 1, maxSize = 32, parentContextCount = 0, hitCount = 5, missCount = 1, failureCount = 0]
2025-03-05 22:53:32,988 [34m[INFO ][0;39m [Test worker] [35m[n.happytodo.core.jasypt.JasyptTest][0;39m: key: driverNm
2025-03-05 22:53:32,988 [34m[INFO ][0;39m [Test worker] [35m[n.happytodo.core.jasypt.JasyptTest][0;39m: encryptText: HDMIih7PKXsypJI1ZcJ02umjDYXODY6R2ALHKaiya63Xqi2SX8RdHYu6HWDaHSDt0pwxuVOfiY8=
2025-03-05 22:53:32,988 [34m[INFO ][0;39m [Test worker] [35m[n.happytodo.core.jasypt.JasyptTest][0;39m: decryptText: zXknpRaFLYw1kHcXfoG4KzujFoOV5MK4
2025-03-05 22:53:32,995 [34m[INFO ][0;39m [Test worker] [35m[n.happytodo.core.jasypt.JasyptTest][0;39m: key: userNm
2025-03-05 22:53:32,995 [34m[INFO ][0;39m [Test worker] [35m[n.happytodo.core.jasypt.JasyptTest][0;39m: encryptText: oq2fkmVWnNH1XepEmFvqgeTFbsn9PHuve3fBdrGnusw=
2025-03-05 22:53:32,995 [34m[INFO ][0;39m [Test worker] [35m[n.happytodo.core.jasypt.JasyptTest][0;39m: decryptText: happytodo
2025-03-05 22:53:32,998 [34m[INFO ][0;39m [Test worker] [35m[n.happytodo.core.jasypt.JasyptTest][0;39m: key: jdbcUrl
2025-03-05 22:53:32,998 [34m[INFO ][0;39m [Test worker] [35m[n.happytodo.core.jasypt.JasyptTest][0;39m: encryptText: kwIUCpnQwx7jpon36+BMIiSXkyNpQalnQxB7jcG3GOz0NMUw/kerd0OJFCei5FhAFibxw2E6LXA=
2025-03-05 22:53:32,998 [34m[INFO ][0;39m [Test worker] [35m[n.happytodo.core.jasypt.JasyptTest][0;39m: decryptText: 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
2025-03-05 22:53:33,001 [34m[INFO ][0;39m [Test worker] [35m[n.happytodo.core.jasypt.JasyptTest][0;39m: key: userPw
2025-03-05 22:53:33,001 [34m[INFO ][0;39m [Test worker] [35m[n.happytodo.core.jasypt.JasyptTest][0;39m: encryptText: 3ykOcQ8VXeBWI5kcg6CxiiDBpH49NSXxl2CMZJhZGBw=
2025-03-05 22:53:33,001 [34m[INFO ][0;39m [Test worker] [35m[n.happytodo.core.jasypt.JasyptTest][0;39m: decryptText: Todo1234!
2025-03-05 22:53:33,005 [34m[INFO ][0;39m [Test worker] [35m[n.happytodo.core.jasypt.JasyptTest][0;39m: key: cryptoKey
2025-03-05 22:53:33,005 [34m[INFO ][0;39m [Test worker] [35m[n.happytodo.core.jasypt.JasyptTest][0;39m: encryptText: QakvYKF5k2GeKlv67S0P2+VgowGwIV7dpLkB1ctrRHw=
2025-03-05 22:53:33,005 [34m[INFO ][0;39m [Test worker] [35m[n.happytodo.core.jasypt.JasyptTest][0;39m: decryptText: flskdlqjstm
2025-03-05 22:53:33,007 [39m[DEBUG][0;39m [Test worker] [35m[o.springframework.test.context.cache][0;39m: Spring test ApplicationContext cache statistics: [DefaultContextCache@3d904e9c size = 1, maxSize = 32, parentContextCount = 0, hitCount = 6, missCount = 1, failureCount = 0]
2025-03-05 22:53:33,009 [39m[DEBUG][0;39m [Test worker] [35m[o.springframework.test.context.cache][0;39m: Spring test ApplicationContext cache statistics: [DefaultContextCache@3d904e9c size = 1, maxSize = 32, parentContextCount = 0, hitCount = 7, missCount = 1, failureCount = 0]
2025-03-05 22:53:33,009 [39m[DEBUG][0;39m [Test worker] [35m[o.springframework.test.context.cache][0;39m: Spring test ApplicationContext cache statistics: [DefaultContextCache@3d904e9c size = 1, maxSize = 32, parentContextCount = 0, hitCount = 8, missCount = 1, failureCount = 0]
2025-03-05 22:53:33,009 [39m[DEBUG][0;39m [Test worker] [35m[o.springframework.test.context.cache][0;39m: Spring test ApplicationContext cache statistics: [DefaultContextCache@3d904e9c size = 1, maxSize = 32, parentContextCount = 0, hitCount = 9, missCount = 1, failureCount = 0]
2025-03-05 22:53:33,011 [39m[DEBUG][0;39m [Test worker] [35m[o.springframework.test.context.cache][0;39m: Spring test ApplicationContext cache statistics: [DefaultContextCache@3d904e9c size = 1, maxSize = 32, parentContextCount = 0, hitCount = 10, missCount = 1, failureCount = 0]
2025-03-05 22:53:33,012 [39m[DEBUG][0;39m [Test worker] [35m[o.springframework.test.context.cache][0;39m: Spring test ApplicationContext cache statistics: [DefaultContextCache@3d904e9c size = 1, maxSize = 32, parentContextCount = 0, hitCount = 11, missCount = 1, failureCount = 0]
2025-03-05 22:53:33,013 [39m[DEBUG][0;39m [Test worker] [35m[o.s.t.c.s.DirtiesContextTestExecutionListener][0;39m: After test method: class [JasyptTest], method [jasyptTest], class annotated with @DirtiesContext [false] with mode [null], method annotated with @DirtiesContext [false] with mode [null]
2025-03-05 22:53:33,013 [39m[DEBUG][0;39m [Test worker] [35m[o.s.t.c.w.ServletTestExecutionListener][0;39m: Resetting RequestContextHolder for test class net.happytodo.core.jasypt.JasyptTest
2025-03-05 22:53:33,023 [39m[DEBUG][0;39m [Test worker] [35m[o.springframework.test.context.cache][0;39m: Spring test ApplicationContext cache statistics: [DefaultContextCache@3d904e9c size = 1, maxSize = 32, parentContextCount = 0, hitCount = 12, missCount = 1, failureCount = 0]
2025-03-05 22:53:33,023 [39m[DEBUG][0;39m [Test worker] [35m[o.s.t.c.s.DirtiesContextTestExecutionListener][0;39m: After test class: class [JasyptTest], class annotated with @DirtiesContext [false] with mode [null]
2025-03-05 22:53:33,032 [39m[DEBUG][0;39m [SpringApplicationShutdownHook] [35m[o.s.w.c.s.GenericWebApplicationContext][0;39m: Closing org.springframework.web.context.support.GenericWebApplicationContext@4b54af3d, started on Wed Mar 05 22:53:32 KST 2025
2025-03-05 22:53:33,033 [39m[DEBUG][0;39m [SpringApplicationShutdownHook] [35m[o.s.c.s.DefaultLifecycleProcessor][0;39m: Stopping beans in phase -2147483647
2025-03-05 22:53:33,034 [39m[DEBUG][0;39m [SpringApplicationShutdownHook] [35m[o.s.c.s.DefaultLifecycleProcessor][0;39m: Bean 'springBootLoggingLifecycle' completed its stop procedure
